Using pre-set license
Built from '2020.3/release' branch; Version is '2020.3.2f1 (8fd9074bf66c) revision 9427207'; Using compiler version '192528614'; Build Type 'Release'
OS: 'Windows 10 Home; OS build 19042.985; Version 2009; 64bit' Language: 'de' Physical Memory: 15741 MB
BatchMode: 1, IsHumanControllingUs: 0, StartBugReporterOnCrash: 0, Is64bit: 1, IsPro: 0

 COMMAND LINE ARGUMENTS:
C:\Program Files\Unity\Hub\Editor\2020.3.2f1\Editor\Unity.exe
-adb2
-batchMode
-noUpm
-name
AssetImportWorker0
-projectPath
D:/GD/GD-Pinball/GD Pinball
-logFile
Logs/AssetImportWorker0.log
-srvPort
63614
Successfully changed project path to: D:/GD/GD-Pinball/GD Pinball
D:/GD/GD-Pinball/GD Pinball
Using Asset Import Pipeline V2.
Refreshing native plugins compatible for Editor in 19.74 ms, found 0 plugins.
Preloading 0 native plugins for Editor in 0.00 ms.
Initialize engine version: 2020.3.2f1 (8fd9074bf66c)
[Subsystems] Discovering subsystems at path C:/Program Files/Unity/Hub/Editor/2020.3.2f1/Editor/Data/Resources/UnitySubsystems
[Subsystems] Discovering subsystems at path D:/GD/GD-Pinball/GD Pinball/Assets
GfxDevice: creating device client; threaded=0
Direct3D:
    Version:  Direct3D 11.0 [level 11.1]
    Renderer: AMD Radeon(TM) Graphics (ID=0x1636)
    Vendor:   
    VRAM:     7870 MB
    Driver:   27.20.11022.14001
Initialize mono
Mono path[0] = 'C:/Program Files/Unity/Hub/Editor/2020.3.2f1/Editor/Data/Managed'
Mono path[1] = 'C:/Program Files/Unity/Hub/Editor/2020.3.2f1/Editor/Data/MonoBleedingEdge/lib/mono/unityjit'
Mono config path = 'C:/Program Files/Unity/Hub/Editor/2020.3.2f1/Editor/Data/MonoBleedingEdge/etc'
Using monoOptions --debugger-agent=transport=dt_socket,embedding=1,server=y,suspend=n,address=127.0.0.1:56636
Begin MonoManager ReloadAssembly
Registering precompiled unity dll's ...
Register platform support module: C:/Program Files/Unity/Hub/Editor/2020.3.2f1/Editor/Data/PlaybackEngines/WindowsStandaloneSupport/UnityEditor.WindowsStandalone.Extensions.dll
Registered in 0.001726 seconds.
Native extension for WindowsStandalone target not found
Refreshing native plugins compatible for Editor in 20.92 ms, found 0 plugins.
Preloading 0 native plugins for Editor in 0.00 ms.
Invoked RoslynAnalysisRunner static constructor.
RoslynAnalysisRunner will not be running.
RoslynAnalysisRunner has terminated.
Mono: successfully reloaded assembly
- Completed reload, in  0.946 seconds
Platform modules already initialized, skipping
Registering precompiled user dll's ...
Registered in 0.000463 seconds.
Begin MonoManager ReloadAssembly
Native extension for WindowsStandalone target not found
Refreshing native plugins compatible for Editor in 0.20 ms, found 0 plugins.
Preloading 0 native plugins for Editor in 0.00 ms.
Invoked RoslynAnalysisRunner static constructor.
RoslynAnalysisRunner will not be running.
RoslynAnalysisRunner has terminated.
Mono: successfully reloaded assembly
- Completed reload, in  0.721 seconds
Platform modules already initialized, skipping
========================================================================
Worker process is ready to serve import requests
Launched and connected shader compiler UnityShaderCompiler.exe after 0.04 seconds
Refreshing native plugins compatible for Editor in 0.20 ms, found 0 plugins.
Preloading 0 native plugins for Editor in 0.00 ms.
Unloading 1115 Unused Serialized files (Serialized files now loaded: 0)
System memory in use before: 57.1 MB.
System memory in use after: 57.1 MB.

Unloading 10 unused Assets to reduce memory usage. Loaded Objects now: 1557.
Total: 2.927300 ms (FindLiveObjects: 0.247000 ms CreateObjectMapping: 0.067600 ms MarkObjects: 2.495700 ms  DeleteObjects: 0.114800 ms)

========================================================================
Received Import Request.
  path: Assets/Scenes
  artifactKey: Guid(f84225df1e3aa77468aed5c5377394d2) Importer(815301076,1909f56bfc062723c751e8b465ee728b)
Start importing Assets/Scenes using Guid(f84225df1e3aa77468aed5c5377394d2) Importer(815301076,1909f56bfc062723c751e8b465ee728b)  -> (artifact id: '5ca32e6ed3dfa2f38a15bc19a4b939ce') in 0.011046 seconds
  Import took 0.023657 seconds .

========================================================================
Received Import Request.
  Time since last request: 51.486440 seconds.
  path: Assets/Scenes/Level1.unity
  artifactKey: Guid(ce621263da177d242b72646f784b96e0) Importer(815301076,1909f56bfc062723c751e8b465ee728b)
Start importing Assets/Scenes/Level1.unity using Guid(ce621263da177d242b72646f784b96e0) Importer(815301076,1909f56bfc062723c751e8b465ee728b)  -> (artifact id: '1ad96a80f7f6029eabd84071ddc75c51') in 0.013788 seconds
  Import took 0.016085 seconds .

========================================================================
Received Import Request.
  Time since last request: 9.818797 seconds.
  path: Assets/Scenes/TestAll.unity
  artifactKey: Guid(e56aef789067b724a9599eddd158ebbb) Importer(815301076,1909f56bfc062723c751e8b465ee728b)
Start importing Assets/Scenes/TestAll.unity using Guid(e56aef789067b724a9599eddd158ebbb) Importer(815301076,1909f56bfc062723c751e8b465ee728b)  -> (artifact id: '80151a45b6f084bd4965cf7a5439c5a9') in 0.007368 seconds
  Import took 0.010217 seconds .

